<?xml version="1.0" encoding="UTF-8"?>
<!-- Generated by org.testng.reporters.JUnitXMLReporter -->
<testsuite hostname="HYD-DOMALARA-L" ignored="2" name="UCP_AddUserScenario" tests="14" failures="0" timestamp="14 Mar 2019 10:26:37 GMT" time="163.52" errors="0">
  <testcase name="UserSearch" time="39.223" classname="com.testcases.UcpTestSuite"/>
  <testcase name="ApplicationAccess" time="17.178" classname="com.testcases.UcpTestSuite"/>
  <testcase name="ApplicationAccess" time="5.301" classname="com.testcases.UcpTestSuite"/>
  <testcase name="ApplicationAccess" time="5.27" classname="com.testcases.UcpTestSuite"/>
  <testcase name="ApplicationAccess" time="15.131" classname="com.testcases.UcpTestSuite"/>
  <testcase name="ApplicationAccess" time="14.795" classname="com.testcases.UcpTestSuite"/>
  <testcase name="ApplicationAccess" time="14.791" classname="com.testcases.UcpTestSuite"/>
  <testcase name="ApplicationAccess" time="5.322" classname="com.testcases.UcpTestSuite"/>
  <testcase name="ApplicationAccess" time="5.277" classname="com.testcases.UcpTestSuite"/>
  <testcase name="ApplicationAccess" time="5.267" classname="com.testcases.UcpTestSuite"/>
  <testcase name="ApplicationAccess" time="5.265" classname="com.testcases.UcpTestSuite"/>
  <testcase name="ApplicationAccess" time="5.276" classname="com.testcases.UcpTestSuite"/>
  <testcase name="ApplicationAccess" time="15.431" classname="com.testcases.UcpTestSuite"/>
  <testcase name="ApplicationAccess" time="5.302" classname="com.testcases.UcpTestSuite"/>
  <testcase name="addUser" time="0.0" classname="com.testcases.UcpTestSuite">
    <ignored/>
  </testcase> <!-- addUser -->
  <testcase name="Firsttimeuserlogin" time="0.0" classname="com.testcases.UcpTestSuite">
    <ignored/>
  </testcase> <!-- Firsttimeuserlogin -->
</testsuite> <!-- UCP_AddUserScenario -->
