<?xml version="1.0" encoding="UTF-8"?>
<!-- Generated by org.testng.reporters.JUnitXMLReporter -->
<testsuite hostname="HYD-REPALAN-L" ignored="5" tests="0" failures="0" timestamp="18 Mar 2019 11:53:43 GMT" time="0.935" errors="0">
  <testcase name="ApplicationAccess" time="0.0" classname="com.testcases.UcpTestSuite">
    <ignored/>
  </testcase> <!-- ApplicationAccess -->
  <testcase name="CreateNewUser" time="0.0" classname="com.testcases.UcpTestSuite">
    <ignored/>
  </testcase> <!-- CreateNewUser -->
  <testcase name="CreatNonAdminUser" time="0.0" classname="com.testcases.UcpTestSuite">
    <ignored/>
  </testcase> <!-- CreatNonAdminUser -->
  <testcase name="UserSearch" time="0.0" classname="com.testcases.UcpTestSuite">
    <ignored/>
  </testcase> <!-- UserSearch -->
  <testcase name="Firsttimeuserlogin" time="0.0" classname="com.testcases.UcpTestSuite">
    <ignored/>
  </testcase> <!-- Firsttimeuserlogin -->
</testsuite>
